# JRE version: Java(TM) SE Runtime Environment (7.0_65-b19) (build 1.7.0_65-b19)
# Java VM: Java HotSpot(TM) 64-Bit Server VM (24.65-b04 mixed mode windows-amd64 compressed oops)
Heap
 PSYoungGen      total 40448K, used 4605K [0x00000007ab600000, 0x00000007ae000000, 0x0000000800000000)
  eden space 39424K, 10% used [0x00000007ab600000,0x00000007ab9df7f0,0x00000007adc80000)
  from space 1024K, 62% used [0x00000007add80000,0x00000007ade20000,0x00000007ade80000)
  to   space 1536K, 0% used [0x00000007ade80000,0x00000007ade80000,0x00000007ae000000)
 ParOldGen       total 173056K, used 1681K [0x0000000702200000, 0x000000070cb00000, 0x00000007ab600000)
  object space 173056K, 0% used [0x0000000702200000,0x00000007023a4528,0x000000070cb00000)
 PSPermGen       total 21504K, used 10017K [0x00000006fd000000, 0x00000006fe500000, 0x0000000702200000)
  object space 21504K, 46% used [0x00000006fd000000,0x00000006fd9c8510,0x00000006fe500000)
GC Heap History (10 events):
Event: 1019407.629 GC heap before
{Heap before GC invocations=33 (full 0):
 PSYoungGen      total 43520K, used 42656K [0x00000007ab600000, 0x00000007ae300000, 0x0000000800000000)
  eden space 41984K, 100% used [0x00000007ab600000,0x00000007adf00000,0x00000007adf00000)
  from space 1536K, 43% used [0x00000007ae180000,0x00000007ae228000,0x00000007ae300000)
  to   space 2048K, 0% used [0x00000007adf00000,0x00000007adf00000,0x00000007ae100000)
 ParOldGen       total 173056K, used 1617K [0x0000000702200000, 0x000000070cb00000, 0x00000007ab600000)
  object space 173056K, 0% used [0x0000000702200000,0x0000000702394528,0x000000070cb00000)
 PSPermGen       total 21504K, used 10017K [0x00000006fd000000, 0x00000006fe500000, 0x0000000702200000)
  object space 21504K, 46% used [0x00000006fd000000,0x00000006fd9c8510,0x00000006fe500000)
Event: 1019407.631 GC heap after
Heap after GC invocations=33 (full 0):
 PSYoungGen      total 42496K, used 704K [0x00000007ab600000, 0x00000007ae280000, 0x0000000800000000)
  eden space 41472K, 0% used [0x00000007ab600000,0x00000007ab600000,0x00000007ade80000)
  from space 1024K, 68% used [0x00000007adf00000,0x00000007adfb0000,0x00000007ae000000)
  to   space 2048K, 0% used [0x00000007ae080000,0x00000007ae080000,0x00000007ae280000)
 ParOldGen       total 173056K, used 1633K [0x0000000702200000, 0x000000070cb00000, 0x00000007ab600000)
  object space 173056K, 0% used [0x0000000702200000,0x0000000702398528,0x000000070cb00000)
 PSPermGen       total 21504K, used 10017K [0x00000006fd000000, 0x00000006fe500000, 0x0000000702200000)
  object space 21504K, 46% used [0x00000006fd000000,0x00000006fd9c8510,0x00000006fe500000)
}
Event: 1019489.872 GC heap before
{Heap before GC invocations=34 (full 0):
 PSYoungGen      total 42496K, used 42176K [0x00000007ab600000, 0x00000007ae280000, 0x0000000800000000)
  eden space 41472K, 100% used [0x00000007ab600000,0x00000007ade80000,0x00000007ade80000)
  from space 1024K, 68% used [0x00000007adf00000,0x00000007adfb0000,0x00000007ae000000)
  to   space 2048K, 0% used [0x00000007ae080000,0x00000007ae080000,0x00000007ae280000)
 ParOldGen       total 173056K, used 1633K [0x0000000702200000, 0x000000070cb00000, 0x00000007ab600000)
  object space 173056K, 0% used [0x0000000702200000,0x0000000702398528,0x000000070cb00000)
 PSPermGen       total 21504K, used 10017K [0x00000006fd000000, 0x00000006fe500000, 0x0000000702200000)
  object space 21504K, 46% used [0x00000006fd000000,0x00000006fd9c8510,0x00000006fe500000)
Event: 1019489.875 GC heap after
Heap after GC invocations=34 (full 0):
 PSYoungGen      total 42496K, used 672K [0x00000007ab600000, 0x00000007ae200000, 0x0000000800000000)
  eden space 40960K, 0% used [0x00000007ab600000,0x00000007ab600000,0x00000007ade00000)
  from space 1536K, 43% used [0x00000007ae080000,0x00000007ae128000,0x00000007ae200000)
  to   space 2048K, 0% used [0x00000007ade00000,0x00000007ade00000,0x00000007ae000000)
 ParOldGen       total 173056K, used 1657K [0x0000000702200000, 0x000000070cb00000, 0x00000007ab600000)
  object space 173056K, 0% used [0x0000000702200000,0x000000070239e528,0x000000070cb00000)
 PSPermGen       total 21504K, used 10017K [0x00000006fd000000, 0x00000006fe500000, 0x0000000702200000)
  object space 21504K, 46% used [0x00000006fd000000,0x00000006fd9c8510,0x00000006fe500000)
}
Event: 1019555.102 GC heap before
{Heap before GC invocations=35 (full 0):
 PSYoungGen      total 42496K, used 41632K [0x00000007ab600000, 0x00000007ae200000, 0x0000000800000000)
  eden space 40960K, 100% used [0x00000007ab600000,0x00000007ade00000,0x00000007ade00000)
  from space 1536K, 43% used [0x00000007ae080000,0x00000007ae128000,0x00000007ae200000)
  to   space 2048K, 0% used [0x00000007ade00000,0x00000007ade00000,0x00000007ae000000)
 ParOldGen       total 173056K, used 1657K [0x0000000702200000, 0x000000070cb00000, 0x00000007ab600000)
  object space 173056K, 0% used [0x0000000702200000,0x000000070239e528,0x000000070cb00000)
 PSPermGen       total 21504K, used 10017K [0x00000006fd000000, 0x00000006fe500000, 0x0000000702200000)
  object space 21504K, 46% used [0x00000006fd000000,0x00000006fd9c8510,0x00000006fe500000)
Event: 1019555.104 GC heap after
Heap after GC invocations=35 (full 0):
 PSYoungGen      total 41472K, used 672K [0x00000007ab600000, 0x00000007ae180000, 0x0000000800000000)
  eden space 40448K, 0% used [0x00000007ab600000,0x00000007ab600000,0x00000007add80000)
  from space 1024K, 65% used [0x00000007ade00000,0x00000007adea8000,0x00000007adf00000)
  to   space 2048K, 0% used [0x00000007adf80000,0x00000007adf80000,0x00000007ae180000)
 ParOldGen       total 173056K, used 1665K [0x0000000702200000, 0x000000070cb00000, 0x00000007ab600000)
  object space 173056K, 0% used [0x0000000702200000,0x00000007023a0528,0x000000070cb00000)
 PSPermGen       total 21504K, used 10017K [0x00000006fd000000, 0x00000006fe500000, 0x0000000702200000)
  object space 21504K, 46% used [0x00000006fd000000,0x00000006fd9c8510,0x00000006fe500000)
}
Event: 1019613.946 GC heap before
{Heap before GC invocations=36 (full 0):
 PSYoungGen      total 41472K, used 41120K [0x00000007ab600000, 0x00000007ae180000, 0x0000000800000000)
  eden space 40448K, 100% used [0x00000007ab600000,0x00000007add80000,0x00000007add80000)
  from space 1024K, 65% used [0x00000007ade00000,0x00000007adea8000,0x00000007adf00000)
  to   space 2048K, 0% used [0x00000007adf80000,0x00000007adf80000,0x00000007ae180000)
 ParOldGen       total 173056K, used 1665K [0x0000000702200000, 0x000000070cb00000, 0x00000007ab600000)
  object space 173056K, 0% used [0x0000000702200000,0x00000007023a0528,0x000000070cb00000)
 PSPermGen       total 21504K, used 10017K [0x00000006fd000000, 0x00000006fe500000, 0x0000000702200000)
  object space 21504K, 46% used [0x00000006fd000000,0x00000006fd9c8510,0x00000006fe500000)
Event: 1019613.949 GC heap after
Heap after GC invocations=36 (full 0):
 PSYoungGen      total 40960K, used 640K [0x00000007ab600000, 0x00000007ae080000, 0x0000000800000000)
  eden space 39936K, 0% used [0x00000007ab600000,0x00000007ab600000,0x00000007add00000)
  from space 1024K, 62% used [0x00000007adf80000,0x00000007ae020000,0x00000007ae080000)
  to   space 1536K, 0% used [0x00000007add80000,0x00000007add80000,0x00000007adf00000)
 ParOldGen       total 173056K, used 1673K [0x0000000702200000, 0x000000070cb00000, 0x00000007ab600000)
  object space 173056K, 0% used [0x0000000702200000,0x00000007023a2528,0x000000070cb00000)
 PSPermGen       total 21504K, used 10017K [0x00000006fd000000, 0x00000006fe500000, 0x0000000702200000)
  object space 21504K, 46% used [0x00000006fd000000,0x00000006fd9c8510,0x00000006fe500000)
}
Event: 1019699.624 GC heap before
{Heap before GC invocations=37 (full 0):
 PSYoungGen      total 40960K, used 40576K [0x00000007ab600000, 0x00000007ae080000, 0x0000000800000000)
  eden space 39936K, 100% used [0x00000007ab600000,0x00000007add00000,0x00000007add00000)
  from space 1024K, 62% used [0x00000007adf80000,0x00000007ae020000,0x00000007ae080000)
  to   space 1536K, 0% used [0x00000007add80000,0x00000007add80000,0x00000007adf00000)
 ParOldGen       total 173056K, used 1673K [0x0000000702200000, 0x000000070cb00000, 0x00000007ab600000)
  object space 173056K, 0% used [0x0000000702200000,0x00000007023a2528,0x000000070cb00000)
 PSPermGen       total 21504K, used 10017K [0x00000006fd000000, 0x00000006fe500000, 0x0000000702200000)
  object space 21504K, 46% used [0x00000006fd000000,0x00000006fd9c8510,0x00000006fe500000)
Event: 1019699.627 GC heap after
Heap after GC invocations=37 (full 0):
 PSYoungGen      total 40448K, used 640K [0x00000007ab600000, 0x00000007ae000000, 0x0000000800000000)
  eden space 39424K, 0% used [0x00000007ab600000,0x00000007ab600000,0x00000007adc80000)
  from space 1024K, 62% used [0x00000007add80000,0x00000007ade20000,0x00000007ade80000)
  to   space 1536K, 0% used [0x00000007ade80000,0x00000007ade80000,0x00000007ae000000)
 ParOldGen       total 173056K, used 1681K [0x0000000702200000, 0x000000070cb00000, 0x00000007ab600000)
  object space 173056K, 0% used [0x0000000702200000,0x00000007023a4528,0x000000070cb00000)
 PSPermGen       total 21504K, used 10017K [0x00000006fd000000, 0x00000006fe500000, 0x0000000702200000)
  object space 21504K, 46% used [0x00000006fd000000,0x00000006fd9c8510,0x00000006fe500000)
}

